<?xml version="1.0" encoding="UTF-8"?>
<!-- Generated by org.testng.reporters.JUnitXMLReporter -->
<testsuite hostname="RPC158" ignored="0" name="Default test" tests="2" failures="0" timestamp="12 Aug 2019 13:01:16 GMT" time="1.934" errors="0">
  <testcase name="testRead_negative" time="1.149" classname="com.objectfrontier.training.java.jdbc.test.PersonIntegration"/>
  <testcase name="testRead_positive" time="0.284" classname="com.objectfrontier.training.java.jdbc.test.PersonIntegration"/>
</testsuite> <!-- Default test -->
